{"C:\\Users\\R.A GADGETS\\Desktop\\internship-training\\basic\\basic-array.js": {"path":"C:\\Users\\R.A GADGETS\\Desktop\\internship-training\\basic\\basic-array.js","statementMap":{"0":{"start":{"line":3,"column":4},"end":{"line":5,"column":5}},"1":{"start":{"line":4,"column":6},"end":{"line":4,"column":38}},"2":{"start":{"line":6,"column":4},"end":{"line":6,"column":74}},"3":{"start":{"line":6,"column":51},"end":{"line":6,"column":69}},"4":{"start":{"line":12,"column":0},"end":{"line":12,"column":28}}},"fnMap":{"0":{"name":"(anonymous_0)","decl":{"start":{"line":2,"column":2},"end":{"line":2,"column":3}},"loc":{"start":{"line":2,"column":14},"end":{"line":8,"column":3}},"line":2},"1":{"name":"(anonymous_1)","decl":{"start":{"line":6,"column":26},"end":{"line":6,"column":27}},"loc":{"start":{"line":6,"column":51},"end":{"line":6,"column":69}},"line":6}},"branchMap":{"0":{"loc":{"start":{"line":3,"column":4},"end":{"line":5,"column":5}},"type":"if","locations":[{"start":{"line":3,"column":4},"end":{"line":5,"column":5}},{"start":{},"end":{}}],"line":3}},"s":{"0":2,"1":1,"2":1,"3":3,"4":1},"f":{"0":2,"1":3},"b":{"0":[1,1]},"_coverageSchema":"1a1c01bbd47fc00a2c39e90264f33305004495a9","hash":"a915f1f8e6a08ef3f6ee5a6642c1e33e6ebaec01"}
,"C:\\Users\\R.A GADGETS\\Desktop\\internship-training\\basic\\basic-string.js": {"path":"C:\\Users\\R.A GADGETS\\Desktop\\internship-training\\basic\\basic-string.js","statementMap":{"0":{"start":{"line":3,"column":6},"end":{"line":3,"column":54}},"1":{"start":{"line":3,"column":36},"end":{"line":3,"column":43}},"2":{"start":{"line":7,"column":0},"end":{"line":7,"column":29}}},"fnMap":{"0":{"name":"(anonymous_0)","decl":{"start":{"line":2,"column":4},"end":{"line":2,"column":5}},"loc":{"start":{"line":2,"column":15},"end":{"line":4,"column":5}},"line":2},"1":{"name":"(anonymous_1)","decl":{"start":{"line":3,"column":31},"end":{"line":3,"column":32}},"loc":{"start":{"line":3,"column":36},"end":{"line":3,"column":43}},"line":3}},"branchMap":{},"s":{"0":2,"1":10,"2":1},"f":{"0":2,"1":10},"b":{},"_coverageSchema":"1a1c01bbd47fc00a2c39e90264f33305004495a9","hash":"212986b90e3632989e690e138e8446a6bcca3c83"}
,"C:\\Users\\R.A GADGETS\\Desktop\\internship-training\\basic\\basic.js": {"path":"C:\\Users\\R.A GADGETS\\Desktop\\internship-training\\basic\\basic.js","statementMap":{"0":{"start":{"line":3,"column":8},"end":{"line":3,"column":21}},"1":{"start":{"line":6,"column":8},"end":{"line":6,"column":19}},"2":{"start":{"line":9,"column":8},"end":{"line":9,"column":19}},"3":{"start":{"line":12,"column":8},"end":{"line":12,"column":19}},"4":{"start":{"line":17,"column":0},"end":{"line":17,"column":23}}},"fnMap":{"0":{"name":"(anonymous_0)","decl":{"start":{"line":2,"column":4},"end":{"line":2,"column":5}},"loc":{"start":{"line":2,"column":13},"end":{"line":4,"column":5}},"line":2},"1":{"name":"(anonymous_1)","decl":{"start":{"line":5,"column":4},"end":{"line":5,"column":5}},"loc":{"start":{"line":5,"column":18},"end":{"line":7,"column":5}},"line":5},"2":{"name":"(anonymous_2)","decl":{"start":{"line":8,"column":4},"end":{"line":8,"column":5}},"loc":{"start":{"line":8,"column":18},"end":{"line":10,"column":5}},"line":8},"3":{"name":"(anonymous_3)","decl":{"start":{"line":11,"column":4},"end":{"line":11,"column":5}},"loc":{"start":{"line":11,"column":16},"end":{"line":13,"column":5}},"line":11}},"branchMap":{},"s":{"0":1,"1":1,"2":1,"3":1,"4":1},"f":{"0":1,"1":1,"2":1,"3":1},"b":{},"_coverageSchema":"1a1c01bbd47fc00a2c39e90264f33305004495a9","hash":"d7dd1149e787e549f978434e63b96419cd7414a2"}
,"C:\\Users\\R.A GADGETS\\Desktop\\internship-training\\basic\\sum.js": {"path":"C:\\Users\\R.A GADGETS\\Desktop\\internship-training\\basic\\sum.js","statementMap":{"0":{"start":{"line":2,"column":4},"end":{"line":2,"column":17}},"1":{"start":{"line":5,"column":2},"end":{"line":5,"column":23}}},"fnMap":{"0":{"name":"sum","decl":{"start":{"line":1,"column":9},"end":{"line":1,"column":12}},"loc":{"start":{"line":1,"column":19},"end":{"line":3,"column":3}},"line":1}},"branchMap":{},"s":{"0":1,"1":1},"f":{"0":1},"b":{},"_coverageSchema":"1a1c01bbd47fc00a2c39e90264f33305004495a9","hash":"86064b3ae0e67a099e7286c048bfd72ebaa7b37e"}
}
