TN:
SF:area.js
FN:1,Area
FNF:1
FNH:1
FNDA:3,Area
DA:2,3
DA:3,2
DA:5,1
DA:7,1
LF:4
LH:4
BRDA:2,0,0,2
BRDA:2,0,1,1
BRDA:2,1,0,3
BRDA:2,1,1,2
BRF:4
BRH:4
end_of_record
TN:
SF:basic-array.js
FN:2,(anonymous_0)
FN:6,(anonymous_1)
FNF:2
FNH:2
FNDA:2,(anonymous_0)
FNDA:3,(anonymous_1)
DA:3,2
DA:4,1
DA:6,3
DA:12,1
LF:4
LH:4
BRDA:3,0,0,1
BRDA:3,0,1,1
BRF:2
BRH:2
end_of_record
TN:
SF:basic-string-repeatN.js
FN:2,(anonymous_0)
FN:3,(anonymous_1)
FNF:2
FNH:2
FNDA:2,(anonymous_0)
FNDA:5,(anonymous_1)
DA:3,5
DA:6,1
LF:2
LH:2
BRF:0
BRH:0
end_of_record
TN:
SF:basic-string.js
FN:2,(anonymous_0)
FN:3,(anonymous_1)
FNF:2
FNH:2
FNDA:2,(anonymous_0)
FNDA:10,(anonymous_1)
DA:3,10
DA:7,1
LF:2
LH:2
BRF:0
BRH:0
end_of_record
TN:
SF:basic.js
FN:2,(anonymous_0)
FN:5,(anonymous_1)
FN:8,(anonymous_2)
FN:11,(anonymous_3)
FNF:4
FNH:4
FNDA:1,(anonymous_0)
FNDA:1,(anonymous_1)
FNDA:1,(anonymous_2)
FNDA:1,(anonymous_3)
DA:3,1
DA:6,1
DA:9,1
DA:12,1
DA:17,1
LF:5
LH:5
BRF:0
BRH:0
end_of_record
TN:
SF:perimeter.js
FN:1,perimeter
FNF:1
FNH:1
FNDA:5,perimeter
DA:2,5
DA:3,4
DA:5,1
DA:8,1
LF:4
LH:4
BRDA:2,0,0,4
BRDA:2,0,1,1
BRDA:2,1,0,5
BRDA:2,1,1,3
BRF:4
BRH:4
end_of_record
TN:
SF:sum.js
FN:1,sum
FNF:1
FNH:1
FNDA:1,sum
DA:2,1
DA:5,1
LF:2
LH:2
BRF:0
BRH:0
end_of_record
